{
  "RSpec": {
    "coverage": {
      "/home/glamorous-enhancer-6371/tic-tac-toe-rb-online-web-sp-000/lib/tic_tac_toe.rb": [
        null,
        1,
        null,
        null,
        null,
        null,
        null,
        null,
        null,
        null,
        null,
        1,
        22,
        22,
        22,
        22,
        22,
        null,
        null,
        1,
        20,
        null,
        null,
        1,
        null,
        20,
        null,
        null,
        1,
        24,
        21,
        null,
        3,
        null,
        null,
        null,
        1,
        20,
        3,
        null,
        17,
        null,
        null,
        null,
        1,
        17,
        17,
        17,
        17,
        16,
        null,
        1,
        null,
        17,
        null,
        null,
        1,
        32,
        32,
        288,
        27,
        null,
        null,
        32,
        null,
        null,
        1,
        31,
        31,
        21,
        10,
        8,
        null,
        null,
        null,
        1,
        null,
        47,
        287,
        287,
        287,
        null,
        287,
        287,
        287,
        null,
        287,
        14,
        273,
        5,
        null,
        268,
        null,
        null,
        null,
        null,
        1,
        87,
        7,
        null,
        7,
        null,
        null,
        null,
        1,
        20,
        6,
        null,
        14,
        null,
        null,
        null,
        1,
        18,
        10,
        null,
        8,
        null,
        null,
        null,
        1,
        6,
        5,
        null,
        null,
        null,
        1,
        12,
        14,
        14,
        null,
        12,
        4,
        null,
        8,
        null,
        null
      ]
    },
    "timestamp": 1556669434
  }
}
