{
  "RSpec": {
    "coverage": {
      "/home/glamorous-enhancer-6371/tic-tac-toe-rb-online-web-sp-000/lib/tic_tac_toe.rb": [
        null,
        1,
        null,
        null,
        null,
        null,
        null,
        null,
        null,
        null,
        null,
        1,
        16,
        16,
        16,
        16,
        16,
        null,
        null,
        1,
        14,
        null,
        null,
        1,
        14,
        null,
        null,
        1,
        12,
        null,
        null,
        1,
        11,
        11,
        11,
        10,
        null,
        1,
        null,
        11,
        null,
        null,
        1,
        20,
        20,
        180,
        13,
        null,
        null,
        20,
        null,
        null,
        1,
        19,
        null,
        null,
        1,
        null,
        23,
        23,
        0,
        0,
        null,
        0,
        0,
        0,
        null,
        0,
        0,
        0,
        0,
        null,
        0,
        null,
        null,
        null,
        null,
        1,
        25,
        2,
        null,
        2,
        null,
        null,
        null,
        1,
        16,
        1,
        null,
        2,
        null,
        null,
        null,
        1,
        12,
        1,
        null,
        1,
        null,
        null,
        null,
        1,
        3,
        0,
        null,
        null,
        null,
        1,
        12,
        8,
        8,
        null,
        5,
        1,
        null,
        0,
        null,
        null
      ]
    },
    "timestamp": 1556666862
  }
}
